[Bootstrap]
SetupTitle=Install
SetupText=Copying Files, please stand by.
CabFile=Grace Tabernacle Song Book.CAB
Spawn=Setup1.exe
Uninstal=st6unst.exe
TmpDir=msftqws.pdw
Cabs=1

[Bootstrap Files]
File1=@VB6STKIT.DLL,$(WinSysPathSysFile),,,7/15/00 12:00:00 AM,101888,6.0.84.50
File2=@COMCAT.DLL,$(WinSysPathSysFile),$(DLLSelfRegister),,5/31/98 12:00:00 AM,22288,4.71.1460.1
File3=@stdole2.tlb,$(WinSysPathSysFile),$(TLBRegister),,4/14/08 3:42:06 AM,16896,5.1.2600.5512
File4=@asycfilt.dll,$(WinSysPathSysFile),,,4/14/08 12:11:49 PM,65024,5.1.2600.5512
File5=@olepro32.dll,$(WinSysPathSysFile),$(DLLSelfRegister),,4/14/08 12:12:02 PM,84992,5.1.2600.5512
File6=@oleaut32.dll,$(WinSysPathSysFile),$(DLLSelfRegister),,4/14/08 12:12:02 PM,551936,5.1.2600.5512
File7=@msvbvm60.dll,$(WinSysPathSysFile),$(DLLSelfRegister),,4/14/08 12:12:00 PM,1384479,6.0.98.2

[IconGroups]
Group0=pSongBook
PrivateGroup0=True
Parent0=$(Programs)

[pSongBook]
Icon1=""Grace Tabernacle Song Book.exe""
Title1=pSongBook
StartIn1=$(AppPath)

[Setup]
Title=pSongBook
DefaultDir=$(ProgramFiles)\pSongBook
AppExe=Grace Tabernacle Song Book.exe
AppToUninstall=Grace Tabernacle Song Book.exe

[Setup1 Files]
File1=@songs1.xml,$(AppPath),,,4/22/10 1:22:48 PM,151736,0.0.0.0
File2=@COMDLG32.OCX,$(WinSysPath),$(DLLSelfRegister),$(Shared),5/23/00 2:58:00 AM,140488,6.0.84.18
File3=@TABCTL32.OCX,$(WinSysPath),$(DLLSelfRegister),$(Shared),12/6/00 10:00:00 AM,209608,6.0.90.43
File4=@Grace Tabernacle Song Book.exe,$(AppPath),,,4/23/10 12:22:07 PM,454656,1.0.0.0

; The following lines may be deleted in order to obtain extra 
; space for customizing this file on a full installation diskette.
; 
; XXXXXXXXXXXXXXXXXXXXXXXXXXXXXXXXXXXXXXXXXXXXXXXXXXXXXXXXXXXX
; XXXXXXXXXXXXXXXXXXXXXXXXXXXXXXXXXXXXXXXXXXXXXXXXXXXXXXXXXXXX
; XXXXXXXXXXXXXXXXXXXXXXXXXXXXXXXXXXXXXXXXXXXXXXXXXXXXXXXXXXXX
; XXXXXXXXXXXXXXXXXXXXXXXXXXXXXXXXXXXXXXXXXXXXXXXXXXXXXXXXXXXX
; XXXXXXXXXXXXXXXXXXXXXXXXXXXXXXXXXXXXXXXXXXXXXXXXXXXXXXXXXXXX
; XXXXXXXXXXXXXXXXXXXXXXXXXXXXXXXXXXXXXXXXXXXXXXXXXXXXXXXXXXXX
; XXXXXXXXXXXXXXXXXXXXXXXXXXXXXXXXXXXXXXXXXXXXXXXXXXXXXXXXXXXX
; XXXXXXXXXXXXXXXXXXXXXXXXXXXXXXXXXXXXXXXXXXXXXXXXXXXXXXXXXXXX
; XXXXXXXXXXXXXXXXXXXXXXXXXXXXXXXXXXXXXXXXXXXXXXXXXXXXXXXXXXXX
; XXXXXXXXXXXXXXXXXXXXXXXXXXXXXXXXXXXXXXXXXXXXXXXXXXXXXXXXXXXX
; XXXXXXXXXXXXXXXXXXXXXXXXXXXXXXXXXXXXXXXXXXXXXXXXXXXXXXXXXXXX
; XXXXXXXXXXXXXXXXXXXXXXXXXXXXXXXXXXXXXXXXXXXXXXXXXXXXXXXXXXXX
; XXXXXXXXXXXXXXXXXXXXXXXXXXXXXXXXXXXXXXXXXXXXXXXXXXXXXXXXXXXX
; XXXXXXXXXXXXXXXXXXXXXXXXXXXXXXXXXXXXXXXXXXXXXXXXXXXXXXXXXXXX
; XXXXXXXXXXXXXXXXXXXXXXXXXXXXXXXXXXXXXXXXXXXXXXXXXXXXXXXXXXXX
; XXXXXXXXXXXXXXXXXXXXXXXXXXXXXXXXXXXXXXXXXXXXXXXXXXXXXXXXXXXX
; XXXXXXXXXXXXXXXXXXXXXXXXXXXXXXXXXXXXXXXXXXXXXXXXXXXXXXXXXXXX
; XXXXXXXXXXXXXXXXXXXXXXXXXXXXXXXXXXXXXXXXXXXXXXXXXXXXXXXXXXXX
; XXXXXXXXXXXXXXXXXXXXXXXXXXXXXXXXXXXXXXXXXXXXXXXXXXXXXXXXXXXX
; XXXXXXXXXXXXXXXXXXXXXXXXXXXXXXXXXXXXXXXXXXXXXXXXXXXXXXXXXXXX
; XXXXXXXXXXXXXXXXXXXXXXXXXXXXXXXXXXXXXXXXXXXXXXXXXXXXXXXXXXXX
; XXXXXXXXXXXXXXXXXXXXXXXXXXXXXXXXXXXXXXXXXXXXXXXXXXXXXXXXXXXX
; XXXXXXXXXXXXXXXXXXXXXXXXXXXXXXXXXXXXXXXXXXXXXXXXXXXXXXXXXXXX
; XXXXXXXXXXXXXXXXXXXXXXXXXXXXXXXXXXXXXXXXXXXXXXXXXXXXXXXXXXXX
; XXXXXXXXXXXXXXXXXXXXXXXXXXXXXXXXXXXXXXXXXXXXXXXXXXXXXXXXXXXX
; XXXXXXXXXXXXXXXXXXXXXXXXXXXXXXXXXXXXXXXXXXXXXXXXXXXXXXXXXXXX
; XXXXXXXXXXXXXXXXXXXXXXXXXXXXXXXXXXXXXXXXXXXXXXXXXXXXXXXXXXXX
; XXXXXXXXXXXXXXXXXXXXXXXXXXXXXXXXXXXXXXXXXXXXXXXXXXXXXXXXXXXX
; XXXXXXXXXXXXXXXXXXXXXXXXXXXXXXXXXXXXXXXXXXXXXXXXXXXXXXXXXXXX
; XXXXXXXXXXXXXXXXXXXXXXXXXXXXXXXXXXXXXXXXXXXXXXXXXXXXXXXXXXXX
; XXXXXXXXXXXXXXXXXXXXXXXXXXXXXXXXXXXXXXXXXXXXXXXXXXXXXXXXXXXX
; XXXXXXXXXXXXXXXXXXXXXXXXXXXXXXXXXXXXXXXXXXXXXXXXXXXXXXXXXXXX
; XXXXXXXXXXXXXXXXXXXXXXXXXXXXXXXXXXXXXXXXXXXXXXXXXXXXXXXXXXXX
; XXXXXXXXXXXXXXXXXXXXXXXXXXXXXXXXXXXXXXXXXXXXXXXXXXXXXXXXXXXX
; XXXXXXXXXXXXXXXXXXXXXXXXXXXXXXXXXXXXXXXXXXXXXXXXXXXXXXXXXXXX
